<?xml version="1.0" encoding="UTF-8"?>
<testsuite name="test.PenduConsoleTest" tests="2" skipped="0" failures="0" errors="0" timestamp="2015-01-18T16:13:15" hostname="MacBook-Pro-de-Nassim.local" time="0.012">
  <properties/>
  <testcase name="test" classname="test.PenduConsoleTest" time="0.001"/>
  <testcase name="test" classname="test.PenduConsoleTest" time="0.0"/>
  <system-out><![CDATA[]]></system-out>
  <system-err><![CDATA[]]></system-err>
</testsuite>
