<?xml version="1.0" encoding="UTF-8"?>
<testsuite name="test.LettreTest" tests="4" skipped="0" failures="0" errors="0" timestamp="2015-01-18T16:13:15" hostname="MacBook-Pro-de-Nassim.local" time="0.012">
  <properties/>
  <testcase name="constructorLettreTest" classname="test.LettreTest" time="0.0"/>
  <testcase name="test" classname="test.LettreTest" time="0.0"/>
  <testcase name="constructorLettreTest" classname="test.LettreTest" time="0.001"/>
  <testcase name="test" classname="test.LettreTest" time="0.001"/>
  <system-out><![CDATA[Test de la classe Lettre ...
Test de la classe Lettre fait.
Test de la classe Lettre ...
Test de la classe Lettre fait.
Test de la classe Lettre ...
Test de la classe Lettre fait.
Test de la classe Lettre ...
Test de la classe Lettre fait.
]]></system-out>
  <system-err><![CDATA[]]></system-err>
</testsuite>
