<?xml version="1.0" encoding="UTF-8"?>
<testsuite name="test.DictionnaireTest" tests="4" skipped="0" failures="0" errors="0" timestamp="2015-01-18T16:13:15" hostname="MacBook-Pro-de-Nassim.local" time="0.037">
  <properties/>
  <testcase name="test" classname="test.DictionnaireTest" time="0.029"/>
  <testcase name="randomTest" classname="test.DictionnaireTest" time="0.0"/>
  <testcase name="test" classname="test.DictionnaireTest" time="0.0"/>
  <testcase name="randomTest" classname="test.DictionnaireTest" time="0.0"/>
  <system-out><![CDATA[Test de la classe Dictionnaire ...
Test de la classe Dictionnaire fait.
Test de la classe Dictionnaire ...
Test de la classe Dictionnaire fait.
Test de la classe Dictionnaire ...
Test de la classe Dictionnaire fait.
Test de la classe Dictionnaire ...
Test de la classe Dictionnaire fait.
]]></system-out>
  <system-err><![CDATA[]]></system-err>
</testsuite>
