<?xml version="1.0" encoding="UTF-8"?>
<testsuite name="org.gradle.DictionnaireTest" tests="1" skipped="0" failures="0" errors="0" timestamp="2015-01-06T10:36:37" hostname="MacBook-Pro-de-Nassim.local" time="0.003">
  <properties/>
  <testcase name="canConstructADictionnaireWithAName" classname="org.gradle.DictionnaireTest" time="0.003"/>
  <system-out><![CDATA[]]></system-out>
  <system-err><![CDATA[]]></system-err>
</testsuite>
