<?xml version="1.0" encoding="UTF-8"?>
<testsuite name="org.gradle.TestLettre" tests="3" skipped="0" failures="0" errors="0" timestamp="2015-01-06T10:36:37" hostname="MacBook-Pro-de-Nassim.local" time="0.0">
  <properties/>
  <testcase name="BooleanLettre" classname="org.gradle.TestLettre" time="0.0"/>
  <testcase name="canSetALettre" classname="org.gradle.TestLettre" time="0.0"/>
  <testcase name="canConstructALettreWithAName" classname="org.gradle.TestLettre" time="0.0"/>
  <system-out><![CDATA[]]></system-out>
  <system-err><![CDATA[]]></system-err>
</testsuite>
