<?xml version="1.0" encoding="UTF-8"?>
<testsuite name="org.gradle.JoueurTest" tests="1" skipped="0" failures="0" errors="0" timestamp="2015-01-06T10:36:37" hostname="MacBook-Pro-de-Nassim.local" time="0.002">
  <properties/>
  <testcase name="canConstructAPlayerWithAName" classname="org.gradle.JoueurTest" time="0.002"/>
  <system-out><![CDATA[]]></system-out>
  <system-err><![CDATA[]]></system-err>
</testsuite>
